{
  "stats": {
    "suites": 2,
    "tests": 10,
    "passes": 9,
    "pending": 0,
    "failures": 1,
    "start": "2023-04-09T02:10:26.470Z",
    "end": "2023-04-09T02:10:42.607Z",
    "duration": 16137,
    "testsRegistered": 10,
    "passPercent": 90,
    "pendingPercent": 0,
    "other": 0,
    "hasOther": false,
    "skipped": 0,
    "hasSkipped": false
  },
  "results": [
    {
      "uuid": "f5443f00-7971-4562-86f6-2cf95b5cd783",
      "title": "",
      "fullFile": "",
      "file": "",
      "beforeHooks": [],
      "afterHooks": [],
      "tests": [],
      "suites": [
        {
          "uuid": "dd8c9e73-a2d3-40eb-92c3-66c1fecebddc",
          "title": "Admin Operations",
          "fullFile": "/Users/wenky/Documents/Douglas/2023-Winter/CSIS 4495/Mechanics/test/adminTest.js",
          "file": "/test/adminTest.js",
          "beforeHooks": [],
          "afterHooks": [],
          "tests": [
            {
              "title": "login",
              "fullTitle": "Admin Operations login",
              "timedOut": false,
              "duration": 1675,
              "state": "passed",
              "speed": "slow",
              "pass": true,
              "fail": false,
              "pending": false,
              "context": null,
              "code": "// go to login page\nawait driver.get(login)\n// input email\nawait driver.findElement(By.css(\".loginAdmin-email\")).click()\nawait driver.findElement(By.css(\".loginAdmin-email\")).sendKeys(\"admin@test.com\")\n// input password\nawait driver.findElement(By.css(\".loginAdmin-pwd\")).click()\nawait driver.findElement(By.css(\".loginAdmin-pwd\")).sendKeys(\"123\")\n// click login button\nawait driver.findElement(By.css(\".loginAdmin-submit\")).click()\n\n// assert url changed\nredirectUrl(\"home\")",
              "err": {},
              "uuid": "8b3f2390-0712-466f-818e-5d8a4c2acb2f",
              "parentUUID": "dd8c9e73-a2d3-40eb-92c3-66c1fecebddc",
              "isHook": false,
              "skipped": false
            },
            {
              "title": "check detail button",
              "fullTitle": "Admin Operations check detail button",
              "timedOut": false,
              "duration": 133,
              "state": "passed",
              "speed": "slow",
              "pass": true,
              "fail": false,
              "pending": false,
              "context": null,
              "code": "// click the detail button of the first account\nawait driver.findElement(By.css(\".Admin_Main_Page_Row_One:nth-child(1) > .Admin_Main_Page_RowDetailButton > button\")).click()\n// check if match expected value\nassert(await driver.findElement(By.css(\".admin_popup_table tr:nth-child(2) > td:nth-child(2)\")).getText() == \"client@test.com\")\n// close the pop-up window\nawait driver.findElement(By.css(\".admin_popup_close\")).click()",
              "err": {},
              "uuid": "49b2a6b9-cb3a-4d52-bc9f-3d5750cb7e41",
              "parentUUID": "dd8c9e73-a2d3-40eb-92c3-66c1fecebddc",
              "isHook": false,
              "skipped": false
            },
            {
              "title": "search engine",
              "fullTitle": "Admin Operations search engine",
              "timedOut": false,
              "duration": 2108,
              "state": "passed",
              "speed": "slow",
              "pass": true,
              "fail": false,
              "pending": false,
              "context": null,
              "code": "// click search engine and enter search key \"store\"\nawait driver.findElement(By.css(\"input\")).sendKeys(\"store\")\nawait driver.findElement(By.css(\".ad_mp_search_button\")).click()\nawait driver.sleep(2000)\n// check the last element and click detail to check if match expected value\nawait driver.findElement(By.css(\".Admin_Main_Page_Row_One:nth-child(5) > .Admin_Main_Page_RowDetailButton > button\")).click()\nassert(await driver.findElement(By.css(\".admin_popup_table tr:nth-child(2) > td:nth-child(2)\")).getText() == \"store5@test.com\")\nawait driver.findElement(By.css(\".admin_popup_close\")).click()",
              "err": {},
              "uuid": "5c2b01e3-6f50-4221-a415-b6c3ceaa8808",
              "parentUUID": "dd8c9e73-a2d3-40eb-92c3-66c1fecebddc",
              "isHook": false,
              "skipped": false
            },
            {
              "title": "clear search engine",
              "fullTitle": "Admin Operations clear search engine",
              "timedOut": false,
              "duration": 2107,
              "state": "passed",
              "speed": "slow",
              "pass": true,
              "fail": false,
              "pending": false,
              "context": null,
              "code": "// clear the search content and test again\nawait driver.findElement(By.css(\"input\")).clear()\nawait driver.findElement(By.css(\"input\")).sendKeys(\" \")\nawait driver.findElement(By.css(\".ad_mp_search_button\")).click()\nawait driver.sleep(2000)\n// click detail to check\nawait driver.findElement(By.css(\".Admin_Main_Page_Row_One:nth-child(1) > .Admin_Main_Page_RowDetailButton > button\")).click()\nassert(await driver.findElement(By.css(\".admin_popup_table tr:nth-child(2) > td:nth-child(2)\")).getText() == \"client@test.com\")\nawait driver.findElement(By.css(\".admin_popup_close\")).click()",
              "err": {},
              "uuid": "3ede8fa4-de91-4ea4-832a-99e3e1c3cb94",
              "parentUUID": "dd8c9e73-a2d3-40eb-92c3-66c1fecebddc",
              "isHook": false,
              "skipped": false
            },
            {
              "title": "add client",
              "fullTitle": "Admin Operations add client",
              "timedOut": false,
              "duration": 2433,
              "state": "passed",
              "speed": "slow",
              "pass": true,
              "fail": false,
              "pending": false,
              "context": null,
              "code": "// click link to enter another page\nawait driver.findElement(By.linkText(\"New Client Account\")).click()\n// redirect to\nredirectUrl(\"addClient\")\n// input information for new client\nawait driver.findElement(By.name(\"email\")).sendKeys(\"admin.addclient@test.com\")\nawait driver.findElement(By.name(\"name\")).sendKeys(\"admin added client\")\nawait driver.findElement(By.name(\"pwd\")).sendKeys(\"123\")\nawait driver.findElement(By.name(\"pwd_confirm\")).sendKeys(\"123\")\n// select options\nlet selectMake = await driver.findElement(By.name('make'))\nlet optionMake = await selectMake.findElement(By.css(\"option[value='Audi']\"));\nawait optionMake.click()\nlet selectModel = await driver.findElement(By.name(\"model\"))\nlet optionModel = await selectModel.findElement(By.css(\"option[value='Rav4']\"));\nawait optionModel.click()\n// submit\nawait driver.findElement(By.name(\"submitBtn\")).click()\n// redirect back to home\nredirectUrl(\"home\")\n// search result in search engine and click detail button to check if match expected value\nawait driver.findElement(By.css(\"input\")).sendKeys(\"addclient\")\nawait driver.findElement(By.css(\".ad_mp_search_button\")).click()\nawait driver.sleep(2000)\nawait driver.findElement(By.css(\".Admin_Main_Page_RowDetailButton > button\")).click()\nassert(await driver.findElement(By.css(\"tr:nth-child(2) > td:nth-child(2)\")).getText() == \"admin.addclient@test.com\")\nawait driver.findElement(By.css(\".admin_popup_close\")).click()",
              "err": {},
              "uuid": "cf8f78ec-27a6-4086-83bb-567944fc8e46",
              "parentUUID": "dd8c9e73-a2d3-40eb-92c3-66c1fecebddc",
              "isHook": false,
              "skipped": false
            },
            {
              "title": "add store",
              "fullTitle": "Admin Operations add store",
              "timedOut": false,
              "duration": 2416,
              "state": "passed",
              "speed": "slow",
              "pass": true,
              "fail": false,
              "pending": false,
              "context": null,
              "code": "// click to enter the add store page\nawait driver.findElement(By.linkText(\"New Store Account\")).click()\nredirectUrl(\"addStore\")\n// input all information\nawait driver.findElement(By.css(\".store_reg_page_input-box:nth-child(3) > input\")).sendKeys(\"admin add store\")\nawait driver.findElement(By.css(\".store_reg_page_input-box:nth-child(4) > input\")).sendKeys(\"admin.addstore@test.com\")\nawait driver.findElement(By.css(\".store_reg_page_input-box:nth-child(5) > input\")).sendKeys(\"123\")\nawait driver.findElement(By.css(\".store_reg_page_input-box:nth-child(6) > input\")).sendKeys(\"123\")\nawait driver.findElement(By.css(\".store_reg_page_input-box:nth-child(8) > input\")).sendKeys(\"Admin Added\")\nawait driver.findElement(By.css(\".store_reg_page_input-box:nth-child(9) > input\")).sendKeys(\"111\")\nawait driver.findElement(By.css(\".store_reg_page_input-box:nth-child(10) > input\")).sendKeys(\"123\")\nawait driver.findElement(By.css(\".store_reg_page_input-box:nth-child(13) > input\")).sendKeys(\"111\")\n// select options\nlet selectCity = await driver.findElement(By.css(\".store_reg_page_input-box:nth-child(11) > select\"))\nlet optionCity = await selectCity.findElement(By.css(\"option[value='Vancouver']\"));\nawait optionCity.click()\nlet selectProvince = await driver.findElement(By.css(\".store_reg_page_input-box:nth-child(12) > select\"))\nlet optionProvince = await selectProvince.findElement(By.css(\"option[value='British Columbia']\"));\nawait optionProvince.click()\n// scroll down until see submit button, allow 2000 for webpage to settle down\nconst submit_button = driver.findElement(By.css(\".store_reg_page_button > input\"))\nawait driver.executeScript(\"arguments[0].scrollIntoView();\", submit_button);\nawait driver.sleep(2000)\n// click checkbox\nawait driver.findElement(By.css(\"div:nth-child(4) > input:nth-child(1)\")).click()\nawait driver.findElement(By.css(\"div:nth-child(9) > input:nth-child(1)\")).click()\n// submit\nawait driver.findElement(By.css(\".store_reg_page_button > input\")).click()\nredirectUrl(\"home\")",
              "err": {},
              "uuid": "94aae033-2b78-494c-b758-93df51261421",
              "parentUUID": "dd8c9e73-a2d3-40eb-92c3-66c1fecebddc",
              "isHook": false,
              "skipped": false
            },
            {
              "title": "delete account",
              "fullTitle": "Admin Operations delete account",
              "timedOut": false,
              "duration": 2261,
              "state": "passed",
              "speed": "slow",
              "pass": true,
              "fail": false,
              "pending": false,
              "context": null,
              "code": "// clear search\nawait driver.findElement(By.css(\"input\")).clear()\nawait driver.findElement(By.css(\"input\")).sendKeys(\" \")\nawait driver.findElement(By.css(\".ad_mp_search_button\")).click()\nawait driver.sleep(2000)\n// delete client\nawait driver.findElement(By.css(\".Admin_Main_Page_Row_One:nth-child(6) > .Admin_Main_Page_RowDeleteButton > button\")).click()\n// delete store\nawait driver.findElement(By.css(\".Admin_Main_Page_Row_One:nth-child(11) > .Admin_Main_Page_RowDeleteButton > button\")).click()\nawait driver.quit()",
              "err": {},
              "uuid": "01ff65c6-56b9-4da0-98a9-3816af8e1676",
              "parentUUID": "dd8c9e73-a2d3-40eb-92c3-66c1fecebddc",
              "isHook": false,
              "skipped": false
            }
          ],
          "suites": [],
          "passes": [
            "8b3f2390-0712-466f-818e-5d8a4c2acb2f",
            "49b2a6b9-cb3a-4d52-bc9f-3d5750cb7e41",
            "5c2b01e3-6f50-4221-a415-b6c3ceaa8808",
            "3ede8fa4-de91-4ea4-832a-99e3e1c3cb94",
            "cf8f78ec-27a6-4086-83bb-567944fc8e46",
            "94aae033-2b78-494c-b758-93df51261421",
            "01ff65c6-56b9-4da0-98a9-3816af8e1676"
          ],
          "failures": [],
          "pending": [],
          "skipped": [],
          "duration": 13133,
          "root": false,
          "rootEmpty": false,
          "_timeout": 30000
        },
        {
          "uuid": "af3f3d5c-5d83-45dc-96ff-27a99ef5a313",
          "title": "Client Operations",
          "fullFile": "/Users/wenky/Documents/Douglas/2023-Winter/CSIS 4495/Mechanics/test/clientTest.js",
          "file": "/test/clientTest.js",
          "beforeHooks": [],
          "afterHooks": [],
          "tests": [
            {
              "title": "login",
              "fullTitle": "Client Operations login",
              "timedOut": false,
              "duration": 502,
              "state": "passed",
              "speed": "slow",
              "pass": true,
              "fail": false,
              "pending": false,
              "context": null,
              "code": "// go to login page\nawait driver.get(login)\n// choose type, input email and pwd, then submit\nawait driver.findElement(By.name(\"loginUser-userType\")).click()\nawait driver.findElement(By.css(\".loginUser-email\")).sendKeys(\"client@test.com\")\nawait driver.findElement(By.css(\".loginUser-pwd\")).sendKeys(\"123\")\nawait driver.findElement(By.css(\".loginUser-submit\")).click()\n// save cookies\nconst account_cookies = await driver.manage().getCookies();\nconsole.log(account_cookies)\nfor (let cookie of account_cookies)\n  await driver.manage().addCookie(cookie);\n// assert url changed\nredirectUrl(home)",
              "err": {},
              "uuid": "e83404c8-f417-472d-a56d-df90cb5e9649",
              "parentUUID": "af3f3d5c-5d83-45dc-96ff-27a99ef5a313",
              "isHook": false,
              "skipped": false
            },
            {
              "title": "see store details",
              "fullTitle": "Client Operations see store details",
              "timedOut": false,
              "duration": 283,
              "state": "passed",
              "speed": "slow",
              "pass": true,
              "fail": false,
              "pending": false,
              "context": null,
              "code": "// click a store and enter store detail page\nawait driver.findElement(By.css(\".cl_mp_sel_section:nth-child(1) > .cl_mp_img\")).click()\nredirectUrl(\"storeDetail\")\n// assert page value\nassert(await driver.findElement(By.css(\".store_detail_info tr:nth-child(1) > td:nth-child(2)\")).getText() == \"Mitchell, Swift and Lueilwitz\")",
              "err": {},
              "uuid": "53edd851-dabd-444a-ba16-be48224574f6",
              "parentUUID": "af3f3d5c-5d83-45dc-96ff-27a99ef5a313",
              "isHook": false,
              "skipped": false
            },
            {
              "title": "make appointment",
              "fullTitle": "Client Operations make appointment",
              "timedOut": false,
              "duration": 2210,
              "state": "failed",
              "speed": null,
              "pass": false,
              "fail": true,
              "pending": false,
              "context": null,
              "code": "// scroll down until see submit button, allow 2000 for webpage to settle down\nscrollDownTo(\".storehome_table\")\n// go to next week\nawait driver.findElement(By.css(\".storehome_arr_icon:nth-child(3)\")).click()\nawait driver.sleep(2000)\n// select a time\nscrollDownTo(\"tr:nth-child(2) > td:nth-child(2) div\")\nawait driver.findElement(By.css(\"tr:nth-child(2) > td:nth-child(2) div\")).click()\n// url changed\nredirectUrl(clientReservation)\n// fill in information\n// user info\nawait driver.findElement(By.css(\".appo_submi_auto_fill_btn\")).click()\n// car info\nscrollDownTo(\".appo_submi_select_car\")\nlet selectCar = await driver.findElement(By.css(\".appo_submi_select_car\"))\nlet optionCar = await selectCar.findElement(By.css(\"option[value='Car 1: Toyota-4Runner']\"))\nawait optionCar.click()\n// problem info\nscrollDownTo(\".appo_submi_select_category\")\nlet selectCate = await driver.findElement(By.css(\".appo_submi_select_category\"))\nlet optionCate = await selectCate.findElement(By.css(\"option[value='Oil Change']\"))\nawait optionCate.click()\n// // submit\n// await driver.findElement(By.css(\"input:nth-child(1)\")).click()\n// // click 'ok' for alert\n// assert(await driver.switchTo().alert().getText() == \"Appointment Submitted!\\nPress OK to back to the home page.\")\n// await driver.switchTo().alert().accept()\n// redirectUrl(home)",
              "err": {
                "message": "NoSuchElementError: no such element: Unable to locate element: {\"method\":\"css selector\",\"selector\":\"option[value='Car 1: Toyota-4Runner']\"}\n  (Session info: chrome=112.0.5615.49)",
                "estack": "NoSuchElementError: no such element: Unable to locate element: {\"method\":\"css selector\",\"selector\":\"option[value='Car 1: Toyota-4Runner']\"}\n  (Session info: chrome=112.0.5615.49)\n    at Object.throwDecodedError (node_modules/selenium-webdriver/lib/error.js:524:15)\n    at parseHttpResponse (node_modules/selenium-webdriver/lib/http.js:587:13)\n    at Executor.execute (node_modules/selenium-webdriver/lib/http.js:515:28)\n    at processTicksAndRejections (node:internal/process/task_queues:96:5)\n    at async thenableWebDriverProxy.execute (node_modules/selenium-webdriver/lib/webdriver.js:745:17)\n    at async Context.<anonymous> (test/clientTest.js:79:21)",
                "diff": null
              },
              "uuid": "5bd23bb4-a50e-4a06-87dc-9c3f8617fd47",
              "parentUUID": "af3f3d5c-5d83-45dc-96ff-27a99ef5a313",
              "isHook": false,
              "skipped": false
            }
          ],
          "suites": [],
          "passes": [
            "e83404c8-f417-472d-a56d-df90cb5e9649",
            "53edd851-dabd-444a-ba16-be48224574f6"
          ],
          "failures": [
            "5bd23bb4-a50e-4a06-87dc-9c3f8617fd47"
          ],
          "pending": [],
          "skipped": [],
          "duration": 2995,
          "root": false,
          "rootEmpty": false,
          "_timeout": 30000
        }
      ],
      "passes": [],
      "failures": [],
      "pending": [],
      "skipped": [],
      "duration": 0,
      "root": true,
      "rootEmpty": true,
      "_timeout": 2000
    }
  ],
  "meta": {
    "mocha": {
      "version": "10.2.0"
    },
    "mochawesome": {
      "options": {
        "quiet": false,
        "reportFilename": "mochawesome",
        "saveHtml": true,
        "saveJson": true,
        "consoleReporter": "spec",
        "useInlineDiffs": false,
        "code": true
      },
      "version": "7.1.3"
    },
    "marge": {
      "options": {
        "reportDir": "./test/reports"
      },
      "version": "6.2.0"
    }
  }
}