{
  "stats": {
    "suites": 1,
    "tests": 7,
    "passes": 7,
    "pending": 0,
    "failures": 0,
    "start": "2023-04-06T21:27:25.550Z",
    "end": "2023-04-06T21:27:30.781Z",
    "duration": 5231,
    "testsRegistered": 7,
    "passPercent": 100,
    "pendingPercent": 0,
    "other": 0,
    "hasOther": false,
    "skipped": 0,
    "hasSkipped": false
  },
  "results": [
    {
      "uuid": "5ce38c02-9dbe-480c-b5bc-767610c4dc0b",
      "title": "",
      "fullFile": "/Users/wenky/Documents/Douglas/2023-Winter/CSIS 4495/Mechanics/test/adminTest.js",
      "file": "/test/adminTest.js",
      "beforeHooks": [],
      "afterHooks": [],
      "tests": [],
      "suites": [
        {
          "uuid": "f56c1cc5-1f9c-4511-bb5f-5fcd576a2156",
          "title": "Admin Operations",
          "fullFile": "/Users/wenky/Documents/Douglas/2023-Winter/CSIS 4495/Mechanics/test/adminTest.js",
          "file": "/test/adminTest.js",
          "beforeHooks": [],
          "afterHooks": [],
          "tests": [
            {
              "title": "login",
              "fullTitle": "Admin Operations login",
              "timedOut": false,
              "duration": 1399,
              "state": "passed",
              "speed": "slow",
              "pass": true,
              "fail": false,
              "pending": false,
              "context": null,
              "code": "// go to login page\nawait driver.get(login)\n// input email\nawait driver.findElement(By.css(\".loginAdmin-email\")).click()\nawait driver.findElement(By.css(\".loginAdmin-email\")).sendKeys(\"admin@test.com\")\n// input password\nawait driver.findElement(By.css(\".loginAdmin-pwd\")).click()\nawait driver.findElement(By.css(\".loginAdmin-pwd\")).sendKeys(\"123\")\n// click login button\nawait driver.findElement(By.css(\".loginAdmin-submit\")).click()\n\n// assert url changed\nredirectUrl(\"home\")",
              "err": {},
              "uuid": "d16339d9-0507-415b-9306-bfb9640b7708",
              "parentUUID": "f56c1cc5-1f9c-4511-bb5f-5fcd576a2156",
              "isHook": false,
              "skipped": false
            },
            {
              "title": "check detail button",
              "fullTitle": "Admin Operations check detail button",
              "timedOut": false,
              "duration": 136,
              "state": "passed",
              "speed": "slow",
              "pass": true,
              "fail": false,
              "pending": false,
              "context": null,
              "code": "// click the detail button of the first account\nawait driver.findElement(By.css(\".Admin_Main_Page_Row_One:nth-child(1) > .Admin_Main_Page_RowDetailButton > button\")).click()\n// check if match expected value\nassert(await driver.findElement(By.css(\".admin_popup_table tr:nth-child(2) > td:nth-child(2)\")).getText() == \"client@test.com\")\n// close the pop-up window\nawait driver.findElement(By.css(\".admin_popup_close\")).click()",
              "err": {},
              "uuid": "800e5c70-aa99-4231-bcf3-e1d0373cbd9e",
              "parentUUID": "f56c1cc5-1f9c-4511-bb5f-5fcd576a2156",
              "isHook": false,
              "skipped": false
            },
            {
              "title": "search engine",
              "fullTitle": "Admin Operations search engine",
              "timedOut": false,
              "duration": 619,
              "state": "passed",
              "speed": "slow",
              "pass": true,
              "fail": false,
              "pending": false,
              "context": null,
              "code": "// click search engine and enter search key \"store\"\nawait driver.findElement(By.css(\"input\")).sendKeys(\"store\")\nawait driver.findElement(By.css(\".ad_mp_search_button\")).click()\nawait driver.sleep(500)\n// check the last element and click detail to check if match expected value\nawait driver.findElement(By.css(\".Admin_Main_Page_Row_One:nth-child(5) > .Admin_Main_Page_RowDetailButton > button\")).click()\nassert(await driver.findElement(By.css(\".admin_popup_table tr:nth-child(2) > td:nth-child(2)\")).getText() == \"store5@test.com\")\nawait driver.findElement(By.css(\".admin_popup_close\")).click()",
              "err": {},
              "uuid": "90e50757-8c19-4365-a642-69a634b35234",
              "parentUUID": "f56c1cc5-1f9c-4511-bb5f-5fcd576a2156",
              "isHook": false,
              "skipped": false
            },
            {
              "title": "clear search engine",
              "fullTitle": "Admin Operations clear search engine",
              "timedOut": false,
              "duration": 612,
              "state": "passed",
              "speed": "slow",
              "pass": true,
              "fail": false,
              "pending": false,
              "context": null,
              "code": "// clear the search content and test again\nawait driver.findElement(By.css(\"input\")).clear()\nawait driver.findElement(By.css(\"input\")).sendKeys(\" \")\nawait driver.findElement(By.css(\".ad_mp_search_button\")).click()\nawait driver.sleep(500)\n// click detail to check\nawait driver.findElement(By.css(\".Admin_Main_Page_Row_One:nth-child(1) > .Admin_Main_Page_RowDetailButton > button\")).click()\nassert(await driver.findElement(By.css(\".admin_popup_table tr:nth-child(2) > td:nth-child(2)\")).getText() == \"client@test.com\")\nawait driver.findElement(By.css(\".admin_popup_close\")).click()",
              "err": {},
              "uuid": "8c3f408c-aad9-4fb5-8255-bab628c4f6d0",
              "parentUUID": "f56c1cc5-1f9c-4511-bb5f-5fcd576a2156",
              "isHook": false,
              "skipped": false
            },
            {
              "title": "add client",
              "fullTitle": "Admin Operations add client",
              "timedOut": false,
              "duration": 896,
              "state": "passed",
              "speed": "slow",
              "pass": true,
              "fail": false,
              "pending": false,
              "context": null,
              "code": "// click link to enter another page\nawait driver.findElement(By.linkText(\"New Client Account\")).click()\n// redirect to\nredirectUrl(\"addClient\")\n// input information for new client\nawait driver.findElement(By.name(\"email\")).sendKeys(\"admin.addclient@test.com\")\nawait driver.findElement(By.name(\"name\")).sendKeys(\"admin added client\")\nawait driver.findElement(By.name(\"pwd\")).sendKeys(\"123\")\nawait driver.findElement(By.name(\"pwd_confirm\")).sendKeys(\"123\")\n// select options\nlet selectMake = await driver.findElement(By.name('make'))\nlet optionMake = await selectMake.findElement(By.css(\"option[value='Audi']\"));\nawait optionMake.click()\nlet selectModel = await driver.findElement(By.name(\"model\"))\nlet optionModel = await selectModel.findElement(By.css(\"option[value='Rav4']\"));\nawait optionModel.click()\n// submit\nawait driver.findElement(By.name(\"submitBtn\")).click()\n// redirect back to home\nredirectUrl(\"home\")\n// search result in search engine and click detail button to check if match expected value\nawait driver.findElement(By.css(\"input\")).sendKeys(\"addclient\")\nawait driver.findElement(By.css(\".ad_mp_search_button\")).click()\nawait driver.sleep(500)\nawait driver.findElement(By.css(\".Admin_Main_Page_RowDetailButton > button\")).click()\nassert(await driver.findElement(By.css(\"tr:nth-child(2) > td:nth-child(2)\")).getText() == \"admin.addclient@test.com\")\nawait driver.findElement(By.css(\".admin_popup_close\")).click()",
              "err": {},
              "uuid": "d662a44a-5cbd-47b4-b3ce-071c5b547b2a",
              "parentUUID": "f56c1cc5-1f9c-4511-bb5f-5fcd576a2156",
              "isHook": false,
              "skipped": false
            },
            {
              "title": "add store",
              "fullTitle": "Admin Operations add store",
              "timedOut": false,
              "duration": 910,
              "state": "passed",
              "speed": "slow",
              "pass": true,
              "fail": false,
              "pending": false,
              "context": null,
              "code": "// click to enter the add store page\nawait driver.findElement(By.linkText(\"New Store Account\")).click()\nredirectUrl(\"addStore\")\n// input all information\nawait driver.findElement(By.css(\".store_reg_page_input-box:nth-child(3) > input\")).sendKeys(\"admin add store\")\nawait driver.findElement(By.css(\".store_reg_page_input-box:nth-child(4) > input\")).sendKeys(\"admin.addstore@test.com\")\nawait driver.findElement(By.css(\".store_reg_page_input-box:nth-child(5) > input\")).sendKeys(\"123\")\nawait driver.findElement(By.css(\".store_reg_page_input-box:nth-child(6) > input\")).sendKeys(\"123\")\nawait driver.findElement(By.css(\".store_reg_page_input-box:nth-child(8) > input\")).sendKeys(\"Admin Added\")\nawait driver.findElement(By.css(\".store_reg_page_input-box:nth-child(9) > input\")).sendKeys(\"111\")\nawait driver.findElement(By.css(\".store_reg_page_input-box:nth-child(10) > input\")).sendKeys(\"123\")\nawait driver.findElement(By.css(\".store_reg_page_input-box:nth-child(13) > input\")).sendKeys(\"111\")\n// select options\nlet selectCity = await driver.findElement(By.css(\".store_reg_page_input-box:nth-child(11) > select\"))\nlet optionCity = await selectCity.findElement(By.css(\"option[value='Vancouver']\"));\nawait optionCity.click()\nlet selectProvince = await driver.findElement(By.css(\".store_reg_page_input-box:nth-child(12) > select\"))\nlet optionProvince = await selectProvince.findElement(By.css(\"option[value='British Columbia']\"));\nawait optionProvince.click()\n// scroll down until see submit button, allow 1000 for webpage to settle down\nconst submit_button = driver.findElement(By.css(\".store_reg_page_button > input\"))\nawait driver.executeScript(\"arguments[0].scrollIntoView();\", submit_button);\nawait driver.sleep(500)\n// click checkbox\nawait driver.findElement(By.css(\"div:nth-child(4) > input:nth-child(1)\")).click()\nawait driver.findElement(By.css(\"div:nth-child(9) > input:nth-child(1)\")).click()\n// submit\nawait driver.findElement(By.css(\".store_reg_page_button > input\")).click()\nredirectUrl(\"home\")",
              "err": {},
              "uuid": "0d1982e7-b23e-453e-ab0a-88c7f76ba65e",
              "parentUUID": "f56c1cc5-1f9c-4511-bb5f-5fcd576a2156",
              "isHook": false,
              "skipped": false
            },
            {
              "title": "delete account",
              "fullTitle": "Admin Operations delete account",
              "timedOut": false,
              "duration": 654,
              "state": "passed",
              "speed": "slow",
              "pass": true,
              "fail": false,
              "pending": false,
              "context": null,
              "code": "// clear search\nawait driver.findElement(By.css(\"input\")).clear()\nawait driver.findElement(By.css(\"input\")).sendKeys(\" \")\nawait driver.findElement(By.css(\".ad_mp_search_button\")).click()\nawait driver.sleep(500)\n// delete client\nawait driver.findElement(By.css(\".Admin_Main_Page_Row_One:nth-child(6) > .Admin_Main_Page_RowDeleteButton > button\")).click()\n// delete store\nawait driver.findElement(By.css(\".Admin_Main_Page_Row_One:nth-child(11) > .Admin_Main_Page_RowDeleteButton > button\")).click()\n// driver.quit()",
              "err": {},
              "uuid": "e4692a5b-3a53-407e-a22c-73a36837916a",
              "parentUUID": "f56c1cc5-1f9c-4511-bb5f-5fcd576a2156",
              "isHook": false,
              "skipped": false
            }
          ],
          "suites": [],
          "passes": [
            "d16339d9-0507-415b-9306-bfb9640b7708",
            "800e5c70-aa99-4231-bcf3-e1d0373cbd9e",
            "90e50757-8c19-4365-a642-69a634b35234",
            "8c3f408c-aad9-4fb5-8255-bab628c4f6d0",
            "d662a44a-5cbd-47b4-b3ce-071c5b547b2a",
            "0d1982e7-b23e-453e-ab0a-88c7f76ba65e",
            "e4692a5b-3a53-407e-a22c-73a36837916a"
          ],
          "failures": [],
          "pending": [],
          "skipped": [],
          "duration": 5226,
          "root": false,
          "rootEmpty": false,
          "_timeout": 30000
        }
      ],
      "passes": [],
      "failures": [],
      "pending": [],
      "skipped": [],
      "duration": 0,
      "root": true,
      "rootEmpty": true,
      "_timeout": 2000
    }
  ],
  "meta": {
    "mocha": {
      "version": "10.2.0"
    },
    "mochawesome": {
      "options": {
        "quiet": false,
        "reportFilename": "mochawesome",
        "saveHtml": true,
        "saveJson": true,
        "consoleReporter": "spec",
        "useInlineDiffs": false,
        "code": true
      },
      "version": "7.1.3"
    },
    "marge": {
      "options": {
        "reportDir": "./test/reports"
      },
      "version": "6.2.0"
    }
  }
}